<!DOCTYPE suite SYSTEM "http://testng.org/testng-1.0.dtd" >

<suite name="Smoke" verbose="1">
    <test name="Web Pages Availability Tests">
        <groups>
            <run>
                <include name="smoke"/>
            </run>
        </groups>

        <classes>
            <class name="test.WebPagesAvailabilityTest"/>
        </classes>
    </test>
</suite>